<?xml version="1.0" encoding="UTF-8"?>
<!-- Generated by org.testng.reporters.JUnitXMLReporter -->
<testsuite ignored="0" hostname="DESKTOP-OK6JB3O" failures="0" tests="3" name="FirefoxTest" time="0.519" errors="0" timestamp="2023-09-28T02:57:20 GMT-07:00">
  <testcase classname="Tests.VerifySignUPPage" name="SignUpPage" time="0.0">
    <skipped/>
  </testcase> <!-- SignUpPage -->
  <testcase classname="Tests.VerifySearchPage" name="SearchName" time="0.0">
    <skipped/>
  </testcase> <!-- SearchName -->
  <testcase classname="Tests.VerifyForgetPassword" name="ClickForgetPass" time="0.0">
    <skipped/>
  </testcase> <!-- ClickForgetPass -->
</testsuite> <!-- FirefoxTest -->
